app/manifest-merger-release-report.txt
-- Merging decision tree log ---
manifest
ADDED from AndroidManifest.xml:2:1
	xmlns:android
		ADDED from AndroidManifest.xml:2:11
	package
		ADDED from AndroidManifest.xml:3:5
		INJECTED from AndroidManifest.xml:0:0
		INJECTED from AndroidManifest.xml:0:0
	android:versionName
		ADDED from AndroidManifest.xml:5:5
	android:versionCode
		ADDED from AndroidManifest.xml:4:5
		INJECTED from AndroidManifest.xml:0:0
		INJECTED from AndroidManifest.xml:0:0
uses-permission#android.permission.INTERNET
ADDED from AndroidManifest.xml:7:5
	android:name
		ADDED from AndroidManifest.xml:7:22
uses-permission#android.permission.RECEIVE_BOOT_COMPLETED
ADDED from AndroidManifest.xml:8:2
	android:name
		ADDED from AndroidManifest.xml:8:19
uses-permission#android.permission.WRITE_EXTERNAL_STORAGE
ADDED from AndroidManifest.xml:9:2
	android:name
		ADDED from AndroidManifest.xml:9:19
uses-permission#android.permission.READ_EXTERNAL_STORAGE
ADDED from AndroidManifest.xml:10:2
	android:name
		ADDED from AndroidManifest.xml:10:19
uses-sdk
ADDED from AndroidManifest.xml:12:5
MERGED from com.android.support:appcompat-v7:21.0.3:15:5
MERGED from com.android.support:support-v4:21.0.3:15:5
MERGED from com.android.support:cardview-v7:21.0.3:15:5
	android:targetSdkVersion
		ADDED from AndroidManifest.xml:14:9
		INJECTED from AndroidManifest.xml:0:0
		INJECTED from AndroidManifest.xml:0:0
	android:minSdkVersion
		ADDED from AndroidManifest.xml:13:9
		INJECTED from AndroidManifest.xml:0:0
		INJECTED from AndroidManifest.xml:0:0
application
ADDED from AndroidManifest.xml:16:5
MERGED from com.android.support:appcompat-v7:21.0.3:16:5
MERGED from com.android.support:support-v4:21.0.3:16:5
MERGED from com.android.support:cardview-v7:21.0.3:16:5
	android:label
		ADDED from AndroidManifest.xml:18:9
	android:allowBackup
		ADDED from AndroidManifest.xml:22:9
	android:uiOptions
		ADDED from AndroidManifest.xml:21:9
	android:icon
		ADDED from AndroidManifest.xml:17:9
	android:theme
		ADDED from AndroidManifest.xml:20:9
	android:description
		ADDED from AndroidManifest.xml:19:9
	android:backupAgent
		ADDED from AndroidManifest.xml:23:9
meta-data#com.google.android.backup.api_key
ADDED from AndroidManifest.xml:25:9
	android:name
		ADDED from AndroidManifest.xml:25:20
	android:value
		ADDED from AndroidManifest.xml:25:69
activity#com.flingsoftware.personalbudget.app.Password
ADDED from AndroidManifest.xml:27:9
	android:label
		ADDED from AndroidManifest.xml:29:13
	android:theme
		ADDED from AndroidManifest.xml:28:13
	android:name
		ADDED from AndroidManifest.xml:27:19
intent-filter#android.intent.action.MAIN+android.intent.category.LAUNCHER
ADDED from AndroidManifest.xml:31:13
action#android.intent.action.MAIN
ADDED from AndroidManifest.xml:32:17
	android:name
		ADDED from AndroidManifest.xml:32:25
category#android.intent.category.LAUNCHER
ADDED from AndroidManifest.xml:34:17
	android:name
		ADDED from AndroidManifest.xml:34:27
activity#com.flingsoftware.personalbudget.app.MainPersonalBudget
ADDED from AndroidManifest.xml:39:9
	android:label
		ADDED from AndroidManifest.xml:43:13
	android:configChanges
		ADDED from AndroidManifest.xml:41:13
	android:name
		ADDED from AndroidManifest.xml:40:13
	android:launchMode
		ADDED from AndroidManifest.xml:42:13
activity#com.flingsoftware.personalbudget.app.MenuPeriodo
ADDED from AndroidManifest.xml:48:9
	android:windowSoftInputMode
		ADDED from AndroidManifest.xml:51:13
	android:label
		ADDED from AndroidManifest.xml:50:13
	android:configChanges
		ADDED from AndroidManifest.xml:49:13
	android:name
		ADDED from AndroidManifest.xml:48:19
activity#com.flingsoftware.personalbudget.preferenze.PreferenzeActivity
ADDED from AndroidManifest.xml:53:9
	android:windowSoftInputMode
		ADDED from AndroidManifest.xml:55:13
	android:label
		ADDED from AndroidManifest.xml:56:13
	android:configChanges
		ADDED from AndroidManifest.xml:54:13
	android:theme
		ADDED from AndroidManifest.xml:57:13
	android:name
		ADDED from AndroidManifest.xml:53:19
activity#com.flingsoftware.personalbudget.preferenze.PreferenzeVoci
ADDED from AndroidManifest.xml:59:9
	android:windowSoftInputMode
		ADDED from AndroidManifest.xml:61:13
	android:label
		ADDED from AndroidManifest.xml:62:13
	android:configChanges
		ADDED from AndroidManifest.xml:60:13
	android:name
		ADDED from AndroidManifest.xml:59:19
activity#com.flingsoftware.personalbudget.preferenze.ModificaVoce
ADDED from AndroidManifest.xml:64:9
	android:windowSoftInputMode
		ADDED from AndroidManifest.xml:66:13
	android:label
		ADDED from AndroidManifest.xml:67:13
	android:configChanges
		ADDED from AndroidManifest.xml:65:13
	android:name
		ADDED from AndroidManifest.xml:64:19
activity#com.flingsoftware.personalbudget.preferenze.AggiungiVoce
ADDED from AndroidManifest.xml:69:9
	android:windowSoftInputMode
		ADDED from AndroidManifest.xml:71:13
	android:label
		ADDED from AndroidManifest.xml:72:13
	android:configChanges
		ADDED from AndroidManifest.xml:70:13
	android:name
		ADDED from AndroidManifest.xml:69:19
activity#com.flingsoftware.personalbudget.app.MenuEsporta
ADDED from AndroidManifest.xml:74:9
	android:windowSoftInputMode
		ADDED from AndroidManifest.xml:77:13
	android:label
		ADDED from AndroidManifest.xml:76:13
	android:configChanges
		ADDED from AndroidManifest.xml:75:13
	android:name
		ADDED from AndroidManifest.xml:74:19
activity#com.flingsoftware.personalbudget.backup.MenuBackupRestore
ADDED from AndroidManifest.xml:79:9
	android:windowSoftInputMode
		ADDED from AndroidManifest.xml:82:13
	android:label
		ADDED from AndroidManifest.xml:81:13
	android:configChanges
		ADDED from AndroidManifest.xml:80:13
	android:name
		ADDED from AndroidManifest.xml:79:19
activity#com.dropbox.client2.android.AuthActivity
ADDED from AndroidManifest.xml:85:9
	android:configChanges
		ADDED from AndroidManifest.xml:88:4
	android:name
		ADDED from AndroidManifest.xml:86:4
	android:launchMode
		ADDED from AndroidManifest.xml:87:4
intent-filter#android.intent.action.VIEW+android.intent.category.BROWSABLE+android.intent.category.DEFAULT
ADDED from AndroidManifest.xml:89:6
data
ADDED from AndroidManifest.xml:91:8
	android:scheme
		ADDED from AndroidManifest.xml:91:14
action#android.intent.action.VIEW
ADDED from AndroidManifest.xml:92:8
	android:name
		ADDED from AndroidManifest.xml:92:16
category#android.intent.category.BROWSABLE
ADDED from AndroidManifest.xml:93:8
	android:name
		ADDED from AndroidManifest.xml:93:18
category#android.intent.category.DEFAULT
ADDED from AndroidManifest.xml:94:8
	android:name
		ADDED from AndroidManifest.xml:94:18
activity#com.flingsoftware.personalbudget.app.MenuInfo
ADDED from AndroidManifest.xml:97:9
	android:windowSoftInputMode
		ADDED from AndroidManifest.xml:100:13
	android:label
		ADDED from AndroidManifest.xml:99:13
	android:configChanges
		ADDED from AndroidManifest.xml:98:13
	android:name
		ADDED from AndroidManifest.xml:97:19
activity#com.flingsoftware.personalbudget.app.MenuInfoVersioni
ADDED from AndroidManifest.xml:102:9
	android:windowSoftInputMode
		ADDED from AndroidManifest.xml:105:13
	android:label
		ADDED from AndroidManifest.xml:104:13
	android:configChanges
		ADDED from AndroidManifest.xml:103:13
	android:name
		ADDED from AndroidManifest.xml:102:19
activity#com.flingsoftware.personalbudget.app.SpeseDettaglioVoce
ADDED from AndroidManifest.xml:109:9
	android:label
		ADDED from AndroidManifest.xml:111:13
	android:configChanges
		ADDED from AndroidManifest.xml:110:13
	android:name
		ADDED from AndroidManifest.xml:109:19
activity#com.flingsoftware.personalbudget.app.SpeseAggiungi
ADDED from AndroidManifest.xml:113:9
	android:label
		ADDED from AndroidManifest.xml:115:13
	android:configChanges
		ADDED from AndroidManifest.xml:114:13
	android:name
		ADDED from AndroidManifest.xml:113:19
activity#com.flingsoftware.personalbudget.app.EntrateAggiungi
ADDED from AndroidManifest.xml:120:9
	android:label
		ADDED from AndroidManifest.xml:122:13
	android:configChanges
		ADDED from AndroidManifest.xml:121:13
	android:name
		ADDED from AndroidManifest.xml:120:19
activity#com.flingsoftware.personalbudget.app.EntrateDettaglioVoce
ADDED from AndroidManifest.xml:124:9
	android:label
		ADDED from AndroidManifest.xml:126:13
	android:configChanges
		ADDED from AndroidManifest.xml:125:13
	android:name
		ADDED from AndroidManifest.xml:124:19
activity#com.flingsoftware.personalbudget.ricvoc.RiconoscimentoVocale
ADDED from AndroidManifest.xml:130:9
	android:label
		ADDED from AndroidManifest.xml:132:13
	android:configChanges
		ADDED from AndroidManifest.xml:131:13
	android:name
		ADDED from AndroidManifest.xml:130:19
activity#com.flingsoftware.personalbudget.app.BudgetDettaglio
ADDED from AndroidManifest.xml:136:9
	android:label
		ADDED from AndroidManifest.xml:138:13
	android:configChanges
		ADDED from AndroidManifest.xml:137:13
	android:name
		ADDED from AndroidManifest.xml:136:19
activity#com.flingsoftware.personalbudget.app.BudgetSpeseIncluse
ADDED from AndroidManifest.xml:140:10
	android:label
		ADDED from AndroidManifest.xml:142:13
	android:configChanges
		ADDED from AndroidManifest.xml:141:13
	android:name
		ADDED from AndroidManifest.xml:140:20
activity#com.flingsoftware.personalbudget.app.BudgetBudgetAnaloghi
ADDED from AndroidManifest.xml:144:10
	android:label
		ADDED from AndroidManifest.xml:146:13
	android:configChanges
		ADDED from AndroidManifest.xml:145:13
	android:name
		ADDED from AndroidManifest.xml:144:20
activity#com.flingsoftware.personalbudget.app.BudgetAggiungi
ADDED from AndroidManifest.xml:148:10
	android:label
		ADDED from AndroidManifest.xml:150:13
	android:configChanges
		ADDED from AndroidManifest.xml:149:13
	android:name
		ADDED from AndroidManifest.xml:148:20
activity#com.flingsoftware.personalbudget.app.BudgetModifica
ADDED from AndroidManifest.xml:152:10
	android:label
		ADDED from AndroidManifest.xml:154:13
	android:configChanges
		ADDED from AndroidManifest.xml:153:13
	android:name
		ADDED from AndroidManifest.xml:152:20
activity#com.flingsoftware.personalbudget.app.ContiElenco
ADDED from AndroidManifest.xml:158:7
	android:label
		ADDED from AndroidManifest.xml:160:10
	android:configChanges
		ADDED from AndroidManifest.xml:159:8
	android:name
		ADDED from AndroidManifest.xml:158:17
activity#com.flingsoftware.personalbudget.app.ContiInserimento
ADDED from AndroidManifest.xml:162:7
	android:label
		ADDED from AndroidManifest.xml:164:10
	android:configChanges
		ADDED from AndroidManifest.xml:163:8
	android:name
		ADDED from AndroidManifest.xml:162:17
activity#com.flingsoftware.personalbudget.app.ContiTrasferimento
ADDED from AndroidManifest.xml:166:7
	android:label
		ADDED from AndroidManifest.xml:168:10
	android:configChanges
		ADDED from AndroidManifest.xml:167:8
	android:name
		ADDED from AndroidManifest.xml:166:17
activity#com.flingsoftware.personalbudget.app.ContiVisualizza
ADDED from AndroidManifest.xml:170:7
	android:label
		ADDED from AndroidManifest.xml:172:10
	android:configChanges
		ADDED from AndroidManifest.xml:171:8
	android:name
		ADDED from AndroidManifest.xml:170:17
activity#com.flingsoftware.personalbudget.app.ContiModifica
ADDED from AndroidManifest.xml:174:7
	android:label
		ADDED from AndroidManifest.xml:176:10
	android:configChanges
		ADDED from AndroidManifest.xml:175:8
	android:name
		ADDED from AndroidManifest.xml:174:17
activity#com.flingsoftware.personalbudget.app.Statistiche
ADDED from AndroidManifest.xml:180:10
	android:label
		ADDED from AndroidManifest.xml:182:13
	android:configChanges
		ADDED from AndroidManifest.xml:181:13
	android:name
		ADDED from AndroidManifest.xml:180:20
activity#com.flingsoftware.personalbudget.app.StatisticheGrafico
ADDED from AndroidManifest.xml:184:10
	android:label
		ADDED from AndroidManifest.xml:186:13
	android:configChanges
		ADDED from AndroidManifest.xml:185:13
	android:name
		ADDED from AndroidManifest.xml:184:20
activity#com.flingsoftware.personalbudget.valute.ElencoValute
ADDED from AndroidManifest.xml:191:10
	android:windowSoftInputMode
		ADDED from AndroidManifest.xml:193:13
	android:label
		ADDED from AndroidManifest.xml:194:13
	android:configChanges
		ADDED from AndroidManifest.xml:192:13
	android:name
		ADDED from AndroidManifest.xml:191:20
activity#com.flingsoftware.personalbudget.valute.DettaglioValuta
ADDED from AndroidManifest.xml:195:10
	android:windowSoftInputMode
		ADDED from AndroidManifest.xml:197:13
	android:label
		ADDED from AndroidManifest.xml:198:13
	android:configChanges
		ADDED from AndroidManifest.xml:196:13
	android:name
		ADDED from AndroidManifest.xml:195:20
activity#com.flingsoftware.personalbudget.preferenze.IconeSelezione
ADDED from AndroidManifest.xml:202:10
	android:windowSoftInputMode
		ADDED from AndroidManifest.xml:204:13
	android:label
		ADDED from AndroidManifest.xml:205:13
	android:configChanges
		ADDED from AndroidManifest.xml:203:13
	android:name
		ADDED from AndroidManifest.xml:202:20
service#com.flingsoftware.personalbudget.database.AggiornamentoDatabaseIntentService
ADDED from AndroidManifest.xml:208:10
	android:exported
		ADDED from AndroidManifest.xml:210:11
	android:name
		ADDED from AndroidManifest.xml:209:11
intent-filter#com.flingsoftware.personalbudget.UPDATE_DATABASE
ADDED from AndroidManifest.xml:211:13
action#com.flingsoftware.personalbudget.UPDATE_DATABASE
ADDED from AndroidManifest.xml:212:17
	android:name
		ADDED from AndroidManifest.xml:212:25
service#com.flingsoftware.personalbudget.database.InserimentoMultiploIntentService
ADDED from AndroidManifest.xml:216:9
	android:exported
		ADDED from AndroidManifest.xml:218:13
	android:name
		ADDED from AndroidManifest.xml:217:13
service#com.flingsoftware.personalbudget.preferenze.BudgetStatusService
ADDED from AndroidManifest.xml:221:10
	android:exported
		ADDED from AndroidManifest.xml:223:11
	android:name
		ADDED from AndroidManifest.xml:222:11
service#com.flingsoftware.personalbudget.preferenze.ReminderService
ADDED from AndroidManifest.xml:226:10
	android:exported
		ADDED from AndroidManifest.xml:228:11
	android:name
		ADDED from AndroidManifest.xml:227:11
service#com.flingsoftware.personalbudget.valute.RecuperaCambioIntentService
ADDED from AndroidManifest.xml:231:10
	android:exported
		ADDED from AndroidManifest.xml:233:11
	android:name
		ADDED from AndroidManifest.xml:232:11
intent-filter#com.flingsoftware.personalbudget.RECUPERA_CAMBIO
ADDED from AndroidManifest.xml:234:13
action#com.flingsoftware.personalbudget.RECUPERA_CAMBIO
ADDED from AndroidManifest.xml:235:17
	android:name
		ADDED from AndroidManifest.xml:235:25
service#com.flingsoftware.personalbudget.esporta.MenuEsportaIntentService
ADDED from AndroidManifest.xml:239:10
	android:exported
		ADDED from AndroidManifest.xml:241:11
	android:name
		ADDED from AndroidManifest.xml:240:11
intent-filter#com.flingsoftware.personalbudget.CSV+com.flingsoftware.personalbudget.PDF+com.flingsoftware.personalbudget.TXT+com.flingsoftware.personalbudget.XLS
ADDED from AndroidManifest.xml:242:13
action#com.flingsoftware.personalbudget.CSV
ADDED from AndroidManifest.xml:243:17
	android:name
		ADDED from AndroidManifest.xml:243:25
action#com.flingsoftware.personalbudget.TXT
ADDED from AndroidManifest.xml:244:17
	android:name
		ADDED from AndroidManifest.xml:244:25
action#com.flingsoftware.personalbudget.PDF
ADDED from AndroidManifest.xml:245:17
	android:name
		ADDED from AndroidManifest.xml:245:25
action#com.flingsoftware.personalbudget.XLS
ADDED from AndroidManifest.xml:246:17
	android:name
		ADDED from AndroidManifest.xml:246:25
service#com.flingsoftware.personalbudget.backup.BackupRestoreIntentService
ADDED from AndroidManifest.xml:250:10
	android:exported
		ADDED from AndroidManifest.xml:252:11
	android:name
		ADDED from AndroidManifest.xml:251:11
intent-filter#com.flingsoftware.personalbudget.BACKUP+com.flingsoftware.personalbudget.BACKUP_AUTO+com.flingsoftware.personalbudget.BACKUP_DROPBOX+com.flingsoftware.personalbudget.RESTORE+com.flingsoftware.personalbudget.RESTORE_AUTO+com.flingsoftware.personalbudget.RESTORE_DROPBOX
ADDED from AndroidManifest.xml:253:13
action#com.flingsoftware.personalbudget.BACKUP
ADDED from AndroidManifest.xml:254:17
	android:name
		ADDED from AndroidManifest.xml:254:25
action#com.flingsoftware.personalbudget.RESTORE
ADDED from AndroidManifest.xml:255:17
	android:name
		ADDED from AndroidManifest.xml:255:25
action#com.flingsoftware.personalbudget.BACKUP_AUTO
ADDED from AndroidManifest.xml:256:17
	android:name
		ADDED from AndroidManifest.xml:256:25
action#com.flingsoftware.personalbudget.RESTORE_AUTO
ADDED from AndroidManifest.xml:257:17
	android:name
		ADDED from AndroidManifest.xml:257:25
action#com.flingsoftware.personalbudget.BACKUP_DROPBOX
ADDED from AndroidManifest.xml:258:17
	android:name
		ADDED from AndroidManifest.xml:258:25
action#com.flingsoftware.personalbudget.RESTORE_DROPBOX
ADDED from AndroidManifest.xml:259:17
	android:name
		ADDED from AndroidManifest.xml:259:25
receiver#com.flingsoftware.personalbudget.preferenze.BootUpReceiver
ADDED from AndroidManifest.xml:264:10
	android:enabled
		ADDED from AndroidManifest.xml:264:20
	android:permission
		ADDED from AndroidManifest.xml:265:13
	android:name
		ADDED from AndroidManifest.xml:264:44
intent-filter#android.intent.action.BOOT_COMPLETED+android.intent.category.DEFAULT
ADDED from AndroidManifest.xml:267:13
action#android.intent.action.BOOT_COMPLETED
ADDED from AndroidManifest.xml:268:16
	android:name
		ADDED from AndroidManifest.xml:268:24
receiver#com.flingsoftware.personalbudget.widget.WidgetGrande
ADDED from AndroidManifest.xml:274:10
	android:name
		ADDED from AndroidManifest.xml:274:20
meta-data#android.appwidget.provider
ADDED from AndroidManifest.xml:275:14
	android:resource
		ADDED from AndroidManifest.xml:276:18
	android:name
		ADDED from AndroidManifest.xml:275:25
intent-filter#android.appwidget.action.APPWIDGET_UPDATE
ADDED from AndroidManifest.xml:277:14
action#android.appwidget.action.APPWIDGET_UPDATE
ADDED from AndroidManifest.xml:278:18
	android:name
		ADDED from AndroidManifest.xml:278:26
intent-filter#com.flingsoftware.personalbudget.UPDATE_WIDGET
ADDED from AndroidManifest.xml:280:14
action#com.flingsoftware.personalbudget.UPDATE_WIDGET
ADDED from AndroidManifest.xml:281:18
	android:name
		ADDED from AndroidManifest.xml:281:26
service#com.flingsoftware.personalbudget.widget.WidgetGrandeService
ADDED from AndroidManifest.xml:285:10
	android:exported
		ADDED from AndroidManifest.xml:287:10
	android:permission
		ADDED from AndroidManifest.xml:288:10
	android:name
		ADDED from AndroidManifest.xml:286:10
receiver#com.flingsoftware.personalbudget.widget.WidgetPiccolo
ADDED from AndroidManifest.xml:291:10
	android:name
		ADDED from AndroidManifest.xml:291:20
intent-filter#com.flingsoftware.personalbudget.UPDATE_WIDGET_PICCOLO
ADDED from AndroidManifest.xml:300:14
action#com.flingsoftware.personalbudget.UPDATE_WIDGET_PICCOLO
ADDED from AndroidManifest.xml:301:18
	android:name
		ADDED from AndroidManifest.xml:301:26